{
  "RSpec": {
    "coverage": {
      "/home/joe/recipelogger/app/models/user.rb": [
        1,
        null,
        1,
        null,
        1,
        null,
        1,
        1,
        null,
        null,
        1,
        null,
        1,
        null,
        1,
        null,
        1,
        null,
        1,
        null,
        null,
        null,
        null,
        null,
        null
      ],
      "/home/joe/recipelogger/app/models/rating.rb": [
        1,
        1,
        null,
        1,
        1,
        null,
        1,
        null,
        null,
        null,
        null,
        8,
        null,
        null
      ],
      "/home/joe/recipelogger/lib/rating_average.rb": [
        1,
        null,
        1,
        4,
        4,
        null,
        null,
        null
      ],
      "/home/joe/recipelogger/app/models/user_recipe.rb": [
        1,
        1,
        1,
        null
      ],
      "/home/joe/recipelogger/app/helpers/application_helper.rb": [
        1,
        null,
        1,
        40,
        38,
        38,
        null,
        38,
        null,
        null,
        null,
        1,
        3,
        null,
        null,
        null
      ],
      "/home/joe/recipelogger/app/helpers/categories_helper.rb": [
        1,
        null
      ],
      "/home/joe/recipelogger/app/helpers/ingredients_helper.rb": [
        1,
        null
      ],
      "/home/joe/recipelogger/app/helpers/ratings_helper.rb": [
        1,
        null
      ],
      "/home/joe/recipelogger/app/helpers/recipes_helper.rb": [
        1,
        null
      ],
      "/home/joe/recipelogger/app/helpers/users_helper.rb": [
        1,
        null
      ],
      "/home/joe/recipelogger/app/models/ingredient.rb": [
        1,
        null,
        1,
        1,
        null,
        1,
        null,
        1,
        null,
        1,
        null,
        1,
        null,
        null
      ],
      "/home/joe/recipelogger/app/models/recipe.rb": [
        1,
        1,
        null,
        1,
        null,
        1,
        1,
        null,
        1,
        1,
        null,
        1,
        null,
        6,
        null,
        1,
        null,
        null,
        null,
        1,
        null,
        1,
        7,
        7,
        5,
        null,
        2,
        2,
        1,
        null,
        1,
        null,
        null,
        null,
        null,
        null
      ],
      "/home/joe/recipelogger/app/models/category.rb": [
        1,
        1,
        null
      ],
      "/home/joe/recipelogger/app/controllers/sessions_controller.rb": [
        1,
        1,
        26,
        0,
        null,
        null,
        null,
        1,
        25,
        25,
        24,
        24,
        null,
        1,
        null,
        null,
        null,
        1,
        null,
        1,
        null,
        1,
        null,
        null,
        null
      ],
      "/home/joe/recipelogger/app/controllers/application_controller.rb": [
        1,
        null,
        null,
        1,
        null,
        1,
        null,
        1,
        782,
        710,
        null,
        null,
        1,
        1,
        null,
        null,
        1,
        47,
        null,
        null,
        1,
        34,
        30,
        30,
        null,
        0,
        null,
        null,
        null,
        1,
        17,
        0,
        null,
        17,
        null,
        null,
        1,
        105,
        35,
        null,
        70,
        null,
        null,
        1,
        null,
        17,
        0,
        null,
        null,
        null,
        1,
        0,
        0,
        null,
        0,
        null,
        null,
        null,
        null,
        null
      ],
      "/home/joe/recipelogger/app/controllers/users_controller.rb": [
        1,
        1,
        1,
        null,
        null,
        null,
        null,
        1,
        5,
        null,
        null,
        null,
        null,
        1,
        26,
        1,
        null,
        null,
        null,
        null,
        1,
        1,
        null,
        null,
        null,
        1,
        2,
        1,
        null,
        null,
        null,
        null,
        null,
        1,
        1,
        null,
        1,
        1,
        2,
        null,
        0,
        0,
        null,
        null,
        null,
        null,
        null,
        null,
        1,
        1,
        0,
        null,
        null,
        1,
        1,
        2,
        1,
        null,
        0,
        0,
        null,
        null,
        null,
        null,
        null,
        null,
        null,
        1,
        1,
        0,
        null,
        1,
        1,
        1,
        null,
        1,
        2,
        1,
        null,
        null,
        null,
        null,
        1,
        null,
        1,
        30,
        null,
        null,
        null,
        1,
        2,
        null,
        null
      ],
      "/home/joe/recipelogger/app/controllers/ingredients_controller.rb": [
        1,
        1,
        1,
        null,
        null,
        null,
        1,
        3,
        null,
        null,
        null,
        null,
        1,
        1,
        null,
        null,
        null,
        null,
        null,
        1,
        2,
        null,
        null,
        null,
        1,
        null,
        null,
        null,
        null,
        1,
        2,
        null,
        2,
        2,
        2,
        1,
        null,
        2,
        1,
        null,
        null,
        null,
        null,
        null,
        null,
        1,
        1,
        1,
        2,
        1,
        null,
        0,
        0,
        null,
        null,
        null,
        null,
        null,
        null,
        1,
        1,
        1,
        2,
        1,
        null,
        null,
        null,
        1,
        null,
        1,
        4,
        null,
        null,
        null,
        1,
        3,
        null,
        null
      ],
      "/home/joe/recipelogger/app/models/recipe_ingredient.rb": [
        1,
        1,
        1,
        null
      ],
      "/home/joe/recipelogger/app/controllers/recipes_controller.rb": [
        1,
        1,
        1,
        1,
        null,
        null,
        1,
        5,
        5,
        5,
        5,
        2,
        2,
        null,
        null,
        5,
        5,
        null,
        null,
        null,
        null,
        null,
        null,
        null,
        null,
        null,
        null,
        null,
        1,
        3,
        3,
        null,
        0,
        null,
        null,
        null,
        null,
        1,
        1,
        1,
        1,
        null,
        null,
        null,
        1,
        1,
        1,
        1,
        null,
        0,
        null,
        null,
        null,
        null,
        null,
        1,
        1,
        null,
        1,
        1,
        1,
        2,
        1,
        null,
        0,
        0,
        null,
        null,
        null,
        null,
        null,
        null,
        1,
        1,
        1,
        2,
        1,
        null,
        0,
        0,
        null,
        null,
        null,
        null,
        null,
        null,
        1,
        1,
        1,
        1,
        2,
        1,
        null,
        null,
        0,
        null,
        null,
        null,
        1,
        null,
        1,
        6,
        null,
        null,
        null,
        1,
        2,
        null,
        null,
        1,
        3,
        null,
        null,
        1,
        5,
        5,
        null,
        0,
        null,
        null
      ],
      "/home/joe/recipelogger/app/controllers/ratings_controller.rb": [
        1,
        1,
        1,
        1,
        null,
        null,
        null,
        1,
        7,
        null,
        null,
        null,
        null,
        1,
        1,
        null,
        1,
        null,
        null,
        null,
        null,
        1,
        2,
        null,
        null,
        null,
        1,
        2,
        null,
        1,
        null,
        null,
        null,
        null,
        null,
        1,
        2,
        2,
        1,
        1,
        1,
        1,
        1,
        null,
        0,
        null,
        null,
        null,
        null,
        null,
        1,
        1,
        1,
        2,
        1,
        null,
        0,
        0,
        null,
        null,
        null,
        null,
        null,
        null,
        1,
        1,
        1,
        1,
        2,
        1,
        null,
        null,
        0,
        null,
        null,
        null,
        1,
        null,
        1,
        5,
        null,
        null,
        null,
        1,
        5,
        null,
        null,
        1,
        6,
        null,
        null,
        1,
        2,
        1,
        null,
        1,
        null,
        null,
        null,
        1,
        4,
        2,
        null,
        2,
        null,
        null,
        null
      ],
      "/home/joe/recipelogger/app/controllers/categories_controller.rb": [
        1,
        1,
        1,
        null,
        null,
        1,
        5,
        null,
        null,
        null,
        null,
        1,
        null,
        null,
        null,
        1,
        1,
        null,
        null,
        null,
        1,
        null,
        null,
        null,
        null,
        null,
        1,
        1,
        null,
        1,
        1,
        2,
        1,
        null,
        0,
        0,
        null,
        null,
        null,
        null,
        null,
        null,
        1,
        1,
        1,
        2,
        1,
        null,
        0,
        0,
        null,
        null,
        null,
        null,
        null,
        null,
        1,
        null,
        2,
        1,
        1,
        2,
        1,
        null,
        null,
        1,
        null,
        null,
        null,
        1,
        null,
        1,
        6,
        null,
        null,
        null,
        1,
        2,
        null,
        null,
        1,
        2,
        1,
        null,
        1,
        null,
        null
      ]
    },
    "timestamp": 1399235854
  }
}
